

Started GET "/" for 86.182.64.183 at Mon Apr 09 01:58:02 +0000 2012

Mysql2::Error (Can't connect to local MySQL server through socket '/tmp/mysql.sock' (2)):
  vendor/bundle/ruby/1.8/gems/mysql2-0.3.11/lib/mysql2/client.rb:44:in `connect'
  vendor/bundle/ruby/1.8/gems/mysql2-0.3.11/lib/mysql2/client.rb:44:in `initialize'
  vendor/bundle/ruby/1.8/gems/activerecord-3.2.2/lib/active_record/connection_adapters/mysql2_adapter.rb:16:in `new'
  vendor/bundle/ruby/1.8/gems/activerecord-3.2.2/lib/active_record/connection_adapters/mysql2_adapter.rb:16:in `mysql2_connection'
  vendor/bundle/ruby/1.8/gems/activerecord-3.2.2/lib/active_record/connection_adapters/abstract/connection_pool.rb:277:in `send'
  vendor/bundle/ruby/1.8/gems/activerecord-3.2.2/lib/active_record/connection_adapters/abstract/connection_pool.rb:277:in `new_connection'
  vendor/bundle/ruby/1.8/gems/activerecord-3.2.2/lib/active_record/connection_adapters/abstract/connection_pool.rb:287:in `checkout_new_connection'
  vendor/bundle/ruby/1.8/gems/activerecord-3.2.2/lib/active_record/connection_adapters/abstract/connection_pool.rb:235:in `checkout'
  vendor/bundle/ruby/1.8/gems/activerecord-3.2.2/lib/active_record/connection_adapters/abstract/connection_pool.rb:230:in `loop'
  vendor/bundle/ruby/1.8/gems/activerecord-3.2.2/lib/active_record/connection_adapters/abstract/connection_pool.rb:230:in `checkout'
  /usr/lib/ruby/1.8/monitor.rb:242:in `synchronize'
  vendor/bundle/ruby/1.8/gems/activerecord-3.2.2/lib/active_record/connection_adapters/abstract/connection_pool.rb:229:in `checkout'
  vendor/bundle/ruby/1.8/gems/activerecord-3.2.2/lib/active_record/connection_adapters/abstract/connection_pool.rb:95:in `connection'
  vendor/bundle/ruby/1.8/gems/activerecord-3.2.2/lib/active_record/connection_adapters/abstract/connection_pool.rb:374:in `retrieve_connection'
  vendor/bundle/ruby/1.8/gems/activerecord-3.2.2/lib/active_record/connection_adapters/abstract/connection_specification.rb:168:in `retrieve_connection'
  vendor/bundle/ruby/1.8/gems/activerecord-3.2.2/lib/active_record/connection_adapters/abstract/connection_specification.rb:142:in `connection'
  vendor/bundle/ruby/1.8/gems/activerecord-3.2.2/lib/active_record/query_cache.rb:67:in `call'
  vendor/bundle/ruby/1.8/gems/activerecord-3.2.2/lib/active_record/connection_adapters/abstract/connection_pool.rb:443:in `call'
  vendor/bundle/ruby/1.8/gems/actionpack-3.2.2/lib/action_dispatch/middleware/callbacks.rb:28:in `call'
  vendor/bundle/ruby/1.8/gems/activesupport-3.2.2/lib/active_support/callbacks.rb:405:in `_run__397314981__call__4__callbacks'
  vendor/bundle/ruby/1.8/gems/activesupport-3.2.2/lib/active_support/callbacks.rb:405:in `send'
  vendor/bundle/ruby/1.8/gems/activesupport-3.2.2/lib/active_support/callbacks.rb:405:in `__run_callback'
  vendor/bundle/ruby/1.8/gems/activesupport-3.2.2/lib/active_support/callbacks.rb:385:in `_run_call_callbacks'
  vendor/bundle/ruby/1.8/gems/activesupport-3.2.2/lib/active_support/callbacks.rb:81:in `send'
  vendor/bundle/ruby/1.8/gems/activesupport-3.2.2/lib/active_support/callbacks.rb:81:in `run_callbacks'
  vendor/bundle/ruby/1.8/gems/actionpack-3.2.2/lib/action_dispatch/middleware/callbacks.rb:27:in `call'
  vendor/bundle/ruby/1.8/gems/rack-1.4.1/lib/rack/sendfile.rb:102:in `call'
  vendor/bundle/ruby/1.8/gems/actionpack-3.2.2/lib/action_dispatch/middleware/remote_ip.rb:31:in `call'
  vendor/bundle/ruby/1.8/gems/actionpack-3.2.2/lib/action_dispatch/middleware/debug_exceptions.rb:16:in `call'
  vendor/bundle/ruby/1.8/gems/actionpack-3.2.2/lib/action_dispatch/middleware/show_exceptions.rb:56:in `call'
  vendor/bundle/ruby/1.8/gems/railties-3.2.2/lib/rails/rack/logger.rb:26:in `call_app'
  vendor/bundle/ruby/1.8/gems/railties-3.2.2/lib/rails/rack/logger.rb:16:in `call'
  vendor/bundle/ruby/1.8/gems/actionpack-3.2.2/lib/action_dispatch/middleware/request_id.rb:22:in `call'
  vendor/bundle/ruby/1.8/gems/rack-1.4.1/lib/rack/methodoverride.rb:21:in `call'
  vendor/bundle/ruby/1.8/gems/rack-1.4.1/lib/rack/runtime.rb:17:in `call'
  vendor/bundle/ruby/1.8/gems/activesupport-3.2.2/lib/active_support/cache/strategy/local_cache.rb:72:in `call'
  vendor/bundle/ruby/1.8/gems/rack-1.4.1/lib/rack/lock.rb:15:in `call'
  vendor/bundle/ruby/1.8/gems/rack-cache-1.2/lib/rack/cache/context.rb:136:in `forward'
  vendor/bundle/ruby/1.8/gems/rack-cache-1.2/lib/rack/cache/context.rb:245:in `fetch'
  vendor/bundle/ruby/1.8/gems/rack-cache-1.2/lib/rack/cache/context.rb:185:in `lookup'
  vendor/bundle/ruby/1.8/gems/rack-cache-1.2/lib/rack/cache/context.rb:66:in `call!'
  vendor/bundle/ruby/1.8/gems/rack-cache-1.2/lib/rack/cache/context.rb:51:in `call'
  vendor/bundle/ruby/1.8/gems/railties-3.2.2/lib/rails/engine.rb:479:in `call'
  vendor/bundle/ruby/1.8/gems/railties-3.2.2/lib/rails/application.rb:220:in `call'
  vendor/bundle/ruby/1.8/gems/railties-3.2.2/lib/rails/railtie/configurable.rb:30:in `send'
  vendor/bundle/ruby/1.8/gems/railties-3.2.2/lib/rails/railtie/configurable.rb:30:in `method_missing'
  passenger (3.0.9) lib/phusion_passenger/rack/request_handler.rb:96:in `process_request'
  passenger (3.0.9) lib/phusion_passenger/abstract_request_handler.rb:513:in `accept_and_process_next_request'
  passenger (3.0.9) lib/phusion_passenger/abstract_request_handler.rb:274:in `main_loop'
  passenger (3.0.9) lib/phusion_passenger/rack/application_spawner.rb:205:in `start_request_handler'
  passenger (3.0.9) lib/phusion_passenger/rack/application_spawner.rb:170:in `send'
  passenger (3.0.9) lib/phusion_passenger/rack/application_spawner.rb:170:in `handle_spawn_application'
  passenger (3.0.9) lib/phusion_passenger/utils.rb:479:in `safe_fork'
  passenger (3.0.9) lib/phusion_passenger/rack/application_spawner.rb:165:in `handle_spawn_application'
  passenger (3.0.9) lib/phusion_passenger/abstract_server.rb:357:in `__send__'
  passenger (3.0.9) lib/phusion_passenger/abstract_server.rb:357:in `server_main_loop'
  passenger (3.0.9) lib/phusion_passenger/abstract_server.rb:206:in `start_synchronously'
  passenger (3.0.9) lib/phusion_passenger/abstract_server.rb:180:in `start'
  passenger (3.0.9) lib/phusion_passenger/rack/application_spawner.rb:128:in `start'
  passenger (3.0.9) lib/phusion_passenger/spawn_manager.rb:253:in `spawn_rack_application'
  passenger (3.0.9) lib/phusion_passenger/abstract_server_collection.rb:132:in `lookup_or_add'
  passenger (3.0.9) lib/phusion_passenger/spawn_manager.rb:246:in `spawn_rack_application'
  passenger (3.0.9) lib/phusion_passenger/abstract_server_collection.rb:82:in `synchronize'
  passenger (3.0.9) lib/phusion_passenger/abstract_server_collection.rb:79:in `synchronize'
  passenger (3.0.9) lib/phusion_passenger/spawn_manager.rb:244:in `spawn_rack_application'
  passenger (3.0.9) lib/phusion_passenger/spawn_manager.rb:137:in `spawn_application'
  passenger (3.0.9) lib/phusion_passenger/spawn_manager.rb:275:in `handle_spawn_application'
  passenger (3.0.9) lib/phusion_passenger/abstract_server.rb:357:in `__send__'
  passenger (3.0.9) lib/phusion_passenger/abstract_server.rb:357:in `server_main_loop'
  passenger (3.0.9) lib/phusion_passenger/abstract_server.rb:206:in `start_synchronously'
  passenger (3.0.9) helper-scripts/passenger-spawn-server:99


